============================= test session starts ==============================
platform linux -- Python 3.12.10, pytest-8.3.5, pluggy-1.6.0
django: version: 5.2.1
rootdir: /app
plugins: django-4.11.1, anyio-4.9.0, cov-6.1.1

----------------------------- live log collection ------------------------------
DEBUG    celery.utils.functional:functional.py:335 
def chain(*args, **kwargs):
    return 1

DEBUG    celery.utils.functional:functional.py:335 
def process_article(self, article_id):
    return 1

DEBUG    celery.utils.functional:functional.py:335 
def xstarmap(task, it):
    return 1

DEBUG    celery.utils.functional:functional.py:335 
def accumulate(self, *args, **kwargs):
    return 1

DEBUG    celery.utils.functional:functional.py:335 
def chord(self, header, body, partial_args=0, interval=1, countdown=2, max_retries=3, eager=4, **kwargs):
    return 1

DEBUG    celery.utils.functional:functional.py:335 
def chunks(task, it, n):
    return 1

DEBUG    celery.utils.functional:functional.py:335 
def unlock_chord(self, group_id, callback, interval=0, max_retries=1, result=2, Result=3, GroupResult=4, result_from_tuple=5, **kwargs):
    return 1

DEBUG    celery.utils.functional:functional.py:335 
def group(self, tasks, result, group_id, partial_args, add_to_parent=0):
    return 1

DEBUG    celery.utils.functional:functional.py:335 
def xmap(task, it):
    return 1

DEBUG    celery.utils.functional:functional.py:335 
def backend_cleanup():
    return 1

collected 61 items

tests/test_article_flow.py::TestArticleSubmissionFlow::test_submission_triggers_processing_task PASSED
tests/test_frontend.py::TestFrontendTemplates::test_base_template_exists PASSED
tests/test_frontend.py::TestFrontendTemplates::test_home_view_renders PASSED
tests/test_frontend.py::TestFrontendTemplates::test_partial_templates_exist PASSED
tests/test_frontend.py::TestArticleSubmission::test_get_form_authenticated PASSED
tests/test_frontend.py::TestArticleSubmission::test_login_required PASSED
tests/test_frontend.py::TestArticleSubmission::test_post_creates_article 
-------------------------------- live log call ---------------------------------
INFO     text_to_audio.tasks:tasks.py:104 Starting processing for Article ID: 1
DEBUG    text_to_audio.tasks:tasks.py:23 _chunk_text called with text of len 5 and max_length 4000
INFO     text_to_audio.tasks:tasks.py:121 Generated 1 chunks for Article ID: 1
ERROR    text_to_audio.tasks:tasks.py:175 Error processing Article ID 1: The api_key client option must be set either by passing api_key to the client or by setting the OPENAI_API_KEY environment variable
ERROR    text_to_audio.tasks:tasks.py:177 Traceback (most recent call last):
  File "/app/text_to_audio/tasks.py", line 123, in process_article
    client = openai.OpenAI(api_key=settings.OPENAI_API_KEY)
             ^^^^^^^^^^^^^^^^^^^^^^^^^^^^^^^^^^^^^^^^^^^^^^
  File "/usr/local/lib/python3.12/site-packages/openai/_client.py", line 126, in __init__
    raise OpenAIError(
openai.OpenAIError: The api_key client option must be set either by passing api_key to the client or by setting the OPENAI_API_KEY environment variable

INFO     text_to_audio.tasks:tasks.py:187 Retrying task for article 1 (1/3)...
INFO     celery.app.trace:trace.py:128 Task text_to_audio.tasks.process_article[21b1355b-5176-4b3c-94a9-50f0ae290d99] retry: Retry in 60s: OpenAIError('The api_key client option must be set either by passing api_key to the client or by setting the OPENAI_API_KEY environment variable')
INFO     text_to_audio.tasks:tasks.py:104 Starting processing for Article ID: 1
DEBUG    text_to_audio.tasks:tasks.py:23 _chunk_text called with text of len 5 and max_length 4000
INFO     text_to_audio.tasks:tasks.py:121 Generated 1 chunks for Article ID: 1
ERROR    text_to_audio.tasks:tasks.py:175 Error processing Article ID 1: The api_key client option must be set either by passing api_key to the client or by setting the OPENAI_API_KEY environment variable
ERROR    text_to_audio.tasks:tasks.py:177 Traceback (most recent call last):
  File "/app/text_to_audio/tasks.py", line 123, in process_article
    client = openai.OpenAI(api_key=settings.OPENAI_API_KEY)
             ^^^^^^^^^^^^^^^^^^^^^^^^^^^^^^^^^^^^^^^^^^^^^^
  File "/usr/local/lib/python3.12/site-packages/openai/_client.py", line 126, in __init__
    raise OpenAIError(
openai.OpenAIError: The api_key client option must be set either by passing api_key to the client or by setting the OPENAI_API_KEY environment variable

INFO     text_to_audio.tasks:tasks.py:187 Retrying task for article 1 (2/3)...
INFO     celery.app.trace:trace.py:128 Task text_to_audio.tasks.process_article[21b1355b-5176-4b3c-94a9-50f0ae290d99] retry: Retry in 120s: OpenAIError('The api_key client option must be set either by passing api_key to the client or by setting the OPENAI_API_KEY environment variable')
INFO     text_to_audio.tasks:tasks.py:104 Starting processing for Article ID: 1
DEBUG    text_to_audio.tasks:tasks.py:23 _chunk_text called with text of len 5 and max_length 4000
INFO     text_to_audio.tasks:tasks.py:121 Generated 1 chunks for Article ID: 1
ERROR    text_to_audio.tasks:tasks.py:175 Error processing Article ID 1: The api_key client option must be set either by passing api_key to the client or by setting the OPENAI_API_KEY environment variable
ERROR    text_to_audio.tasks:tasks.py:177 Traceback (most recent call last):
  File "/app/text_to_audio/tasks.py", line 123, in process_article
    client = openai.OpenAI(api_key=settings.OPENAI_API_KEY)
             ^^^^^^^^^^^^^^^^^^^^^^^^^^^^^^^^^^^^^^^^^^^^^^
  File "/usr/local/lib/python3.12/site-packages/openai/_client.py", line 126, in __init__
    raise OpenAIError(
openai.OpenAIError: The api_key client option must be set either by passing api_key to the client or by setting the OPENAI_API_KEY environment variable

INFO     text_to_audio.tasks:tasks.py:187 Retrying task for article 1 (3/3)...
INFO     celery.app.trace:trace.py:128 Task text_to_audio.tasks.process_article[21b1355b-5176-4b3c-94a9-50f0ae290d99] retry: Retry in 240s: OpenAIError('The api_key client option must be set either by passing api_key to the client or by setting the OPENAI_API_KEY environment variable')
INFO     text_to_audio.tasks:tasks.py:104 Starting processing for Article ID: 1
DEBUG    text_to_audio.tasks:tasks.py:23 _chunk_text called with text of len 5 and max_length 4000
INFO     text_to_audio.tasks:tasks.py:121 Generated 1 chunks for Article ID: 1
ERROR    text_to_audio.tasks:tasks.py:175 Error processing Article ID 1: The api_key client option must be set either by passing api_key to the client or by setting the OPENAI_API_KEY environment variable
ERROR    text_to_audio.tasks:tasks.py:177 Traceback (most recent call last):
  File "/app/text_to_audio/tasks.py", line 123, in process_article
    client = openai.OpenAI(api_key=settings.OPENAI_API_KEY)
             ^^^^^^^^^^^^^^^^^^^^^^^^^^^^^^^^^^^^^^^^^^^^^^
  File "/usr/local/lib/python3.12/site-packages/openai/_client.py", line 126, in __init__
    raise OpenAIError(
openai.OpenAIError: The api_key client option must be set either by passing api_key to the client or by setting the OPENAI_API_KEY environment variable

ERROR    text_to_audio.tasks:tasks.py:190 Max retries reached for article 1. Task failed permanently.
INFO     celery.app.trace:trace.py:128 Task text_to_audio.tasks.process_article[21b1355b-5176-4b3c-94a9-50f0ae290d99] succeeded in 0.005376957997214049s: 'Failed to process Article 1: The api_key client option must be set either by passing api_key to the client or by setting the OPENAI_API_KEY environment variable'
PASSED
tests/test_frontend.py::TestLogoutView::test_logout PASSED
tests/test_frontend.py::TestLoginView::test_failed_login PASSED
tests/test_frontend.py::TestLoginView::test_login_page_renders PASSED
tests/test_frontend.py::TestLoginView::test_successful_login PASSED
tests/test_frontend.py::TestSignUpView::test_post_creates_user PASSED
tests/test_frontend.py::TestSignUpView::test_signup_page_renders PASSED
tests/test_models.py::TestModels::test_article_model_exists PASSED
tests/test_models.py::TestModels::test_article_str_method PASSED
tests/test_models.py::TestModels::test_feed_model_exists PASSED
tests/test_models.py::TestModels::test_feed_str_method PASSED
tests/test_models.py::TestModels::test_models_file_exists PASSED
tests/text_to_audio/test_tasks.py::ChunkTextTests::test_empty_string 
-------------------------------- live log call ---------------------------------
DEBUG    text_to_audio.tasks:tasks.py:23 _chunk_text called with text of len 0 and max_length 4000
PASSED
tests/text_to_audio/test_tasks.py::ChunkTextTests::test_force_split_if_no_natural_break 
-------------------------------- live log call ---------------------------------
DEBUG    text_to_audio.tasks:tasks.py:23 _chunk_text called with text of len 26 and max_length 20
PASSED
tests/text_to_audio/test_tasks.py::ChunkTextTests::test_long_word_no_break 
-------------------------------- live log call ---------------------------------
DEBUG    text_to_audio.tasks:tasks.py:23 _chunk_text called with text of len 34 and max_length 20
PASSED
tests/text_to_audio/test_tasks.py::ChunkTextTests::test_mixed_content_with_various_breaks 
-------------------------------- live log call ---------------------------------
DEBUG    text_to_audio.tasks:tasks.py:23 _chunk_text called with text of len 79 and max_length 30
PASSED
tests/text_to_audio/test_tasks.py::ChunkTextTests::test_short_string 
-------------------------------- live log call ---------------------------------
DEBUG    text_to_audio.tasks:tasks.py:23 _chunk_text called with text of len 25 and max_length 100
PASSED
tests/text_to_audio/test_tasks.py::ChunkTextTests::test_split_respects_paragraph_breaks 
-------------------------------- live log call ---------------------------------
DEBUG    text_to_audio.tasks:tasks.py:23 _chunk_text called with text of len 58 and max_length 50
DEBUG    text_to_audio.tasks:tasks.py:23 _chunk_text called with text of len 58 and max_length 30
PASSED
tests/text_to_audio/test_tasks.py::ChunkTextTests::test_split_respects_sentence_breaks 
-------------------------------- live log call ---------------------------------
DEBUG    text_to_audio.tasks:tasks.py:23 _chunk_text called with text of len 62 and max_length 40
PASSED
tests/text_to_audio/test_tasks.py::ChunkTextTests::test_string_equals_max_length 
-------------------------------- live log call ---------------------------------
DEBUG    text_to_audio.tasks:tasks.py:23 _chunk_text called with text of len 5 and max_length 5
PASSED
tests/text_to_audio/test_tasks.py::ChunkTextTests::test_string_needs_multiple_splits 
-------------------------------- live log call ---------------------------------
DEBUG    text_to_audio.tasks:tasks.py:23 _chunk_text called with text of len 48 and max_length 17
PASSED
tests/text_to_audio/test_tasks.py::ChunkTextTests::test_string_needs_one_split_by_space 
-------------------------------- live log call ---------------------------------
DEBUG    text_to_audio.tasks:tasks.py:23 _chunk_text called with text of len 40 and max_length 20
FAILED
tests/text_to_audio/test_tasks.py::ProcessArticleTests::test_article_not_found 
-------------------------------- live log call ---------------------------------
ERROR    text_to_audio.tasks:tasks.py:98 Article with ID 99999 not found.
INFO     celery.app.trace:trace.py:128 Task text_to_audio.tasks.process_article[269f8bc9-0e0a-4085-be68-d85cbccffeda] succeeded in 0.00045162499009165913s: 'Article 99999 not found.'
PASSED
tests/text_to_audio/test_tasks.py::ProcessArticleTests::test_process_article_empty_text_content 
-------------------------------- live log call ---------------------------------
INFO     text_to_audio.tasks:tasks.py:104 Starting processing for Article ID: 1
ERROR    text_to_audio.tasks:tasks.py:175 Error processing Article ID 1: Article text_content is empty.
ERROR    text_to_audio.tasks:tasks.py:177 Traceback (most recent call last):
  File "/app/text_to_audio/tasks.py", line 115, in process_article
    raise ValueError("Article text_content is empty.")
ValueError: Article text_content is empty.

INFO     text_to_audio.tasks:tasks.py:187 Retrying task for article 1 (1/3)...
ERROR    celery.app.trace:trace.py:267 Task text_to_audio.tasks.process_article[fbb8582f-3378-430f-962c-69884da85787] raised unexpected: Exception('Celery retry called')
Traceback (most recent call last):
  File "/app/text_to_audio/tasks.py", line 115, in process_article
    raise ValueError("Article text_content is empty.")
ValueError: Article text_content is empty.

During handling of the above exception, another exception occurred:

Traceback (most recent call last):
  File "/usr/local/lib/python3.12/site-packages/celery/app/trace.py", line 453, in trace_task
    R = retval = fun(*args, **kwargs)
                 ^^^^^^^^^^^^^^^^^^^^
  File "/app/text_to_audio/tasks.py", line 188, in process_article
    raise self.retry(exc=e, countdown=int(self.default_retry_delay * (2 ** self.request.retries)))
          ^^^^^^^^^^^^^^^^^^^^^^^^^^^^^^^^^^^^^^^^^^^^^^^^^^^^^^^^^^^^^^^^^^^^^^^^^^^^^^^^^^^^^^^^
  File "/usr/local/lib/python3.12/unittest/mock.py", line 1139, in __call__
    return self._mock_call(*args, **kwargs)
           ^^^^^^^^^^^^^^^^^^^^^^^^^^^^^^^^
  File "/usr/local/lib/python3.12/unittest/mock.py", line 1143, in _mock_call
    return self._execute_mock_call(*args, **kwargs)
           ^^^^^^^^^^^^^^^^^^^^^^^^^^^^^^^^^^^^^^^^
  File "/usr/local/lib/python3.12/unittest/mock.py", line 1198, in _execute_mock_call
    raise effect
Exception: Celery retry called
PASSED
tests/text_to_audio/test_tasks.py::ProcessArticleTests::test_process_article_openai_api_error_with_retry 
-------------------------------- live log call ---------------------------------
INFO     text_to_audio.tasks:tasks.py:104 Starting processing for Article ID: 1
DEBUG    text_to_audio.tasks:tasks.py:23 _chunk_text called with text of len 68 and max_length 4000
INFO     text_to_audio.tasks:tasks.py:121 Generated 1 chunks for Article ID: 1
DEBUG    text_to_audio.tasks:tasks.py:126 Processing chunk 1/1 for Article ID: 1
ERROR    text_to_audio.tasks:tasks.py:139 OpenAI API error on chunk 1 for article 1: TTS failed
ERROR    text_to_audio.tasks:tasks.py:175 Error processing Article ID 1: TTS failed
ERROR    text_to_audio.tasks:tasks.py:177 Traceback (most recent call last):
  File "/app/text_to_audio/tasks.py", line 130, in process_article
    response = client.audio.speech.create(
               ^^^^^^^^^^^^^^^^^^^^^^^^^^^
  File "/usr/local/lib/python3.12/unittest/mock.py", line 1139, in __call__
    return self._mock_call(*args, **kwargs)
           ^^^^^^^^^^^^^^^^^^^^^^^^^^^^^^^^
  File "/usr/local/lib/python3.12/unittest/mock.py", line 1143, in _mock_call
    return self._execute_mock_call(*args, **kwargs)
           ^^^^^^^^^^^^^^^^^^^^^^^^^^^^^^^^^^^^^^^^
  File "/usr/local/lib/python3.12/unittest/mock.py", line 1198, in _execute_mock_call
    raise effect
openai.APIError: TTS failed

INFO     text_to_audio.tasks:tasks.py:187 Retrying task for article 1 (1/3)...
ERROR    celery.app.trace:trace.py:267 Task text_to_audio.tasks.process_article[ba597912-facc-40e5-ae5a-32adabc13008] raised unexpected: Exception('Celery retry called')
Traceback (most recent call last):
  File "/app/text_to_audio/tasks.py", line 130, in process_article
    response = client.audio.speech.create(
               ^^^^^^^^^^^^^^^^^^^^^^^^^^^
  File "/usr/local/lib/python3.12/unittest/mock.py", line 1139, in __call__
    return self._mock_call(*args, **kwargs)
           ^^^^^^^^^^^^^^^^^^^^^^^^^^^^^^^^
  File "/usr/local/lib/python3.12/unittest/mock.py", line 1143, in _mock_call
    return self._execute_mock_call(*args, **kwargs)
           ^^^^^^^^^^^^^^^^^^^^^^^^^^^^^^^^^^^^^^^^
  File "/usr/local/lib/python3.12/unittest/mock.py", line 1198, in _execute_mock_call
    raise effect
openai.APIError: TTS failed

During handling of the above exception, another exception occurred:

Traceback (most recent call last):
  File "/usr/local/lib/python3.12/site-packages/celery/app/trace.py", line 453, in trace_task
    R = retval = fun(*args, **kwargs)
                 ^^^^^^^^^^^^^^^^^^^^
  File "/app/text_to_audio/tasks.py", line 188, in process_article
    raise self.retry(exc=e, countdown=int(self.default_retry_delay * (2 ** self.request.retries)))
          ^^^^^^^^^^^^^^^^^^^^^^^^^^^^^^^^^^^^^^^^^^^^^^^^^^^^^^^^^^^^^^^^^^^^^^^^^^^^^^^^^^^^^^^^
  File "/usr/local/lib/python3.12/unittest/mock.py", line 1139, in __call__
    return self._mock_call(*args, **kwargs)
           ^^^^^^^^^^^^^^^^^^^^^^^^^^^^^^^^
  File "/usr/local/lib/python3.12/unittest/mock.py", line 1143, in _mock_call
    return self._execute_mock_call(*args, **kwargs)
           ^^^^^^^^^^^^^^^^^^^^^^^^^^^^^^^^^^^^^^^^
  File "/usr/local/lib/python3.12/unittest/mock.py", line 1198, in _execute_mock_call
    raise effect
Exception: Celery retry called
PASSED
tests/text_to_audio/test_tasks.py::ProcessArticleTests::test_process_article_pydub_error 
-------------------------------- live log call ---------------------------------
INFO     text_to_audio.tasks:tasks.py:104 Starting processing for Article ID: 1
DEBUG    text_to_audio.tasks:tasks.py:23 _chunk_text called with text of len 68 and max_length 4000
INFO     text_to_audio.tasks:tasks.py:121 Generated 1 chunks for Article ID: 1
DEBUG    text_to_audio.tasks:tasks.py:126 Processing chunk 1/1 for Article ID: 1
DEBUG    text_to_audio.tasks:tasks.py:137 Saved audio chunk to /app/test_media_tasks/articles/1/1/temp_article_1_chunk_0_6bf87d92-109d-439a-b5f6-3a572c777b17.mp3
INFO     text_to_audio.tasks:tasks.py:152 Single audio chunk moved to /app/test_media_tasks/articles/1/1/article_1.mp3
INFO     text_to_audio.tasks:tasks.py:171 Successfully processed Article ID: 1. Audio at: articles/1/1/article_1.mp3
INFO     celery.app.trace:trace.py:128 Task text_to_audio.tasks.process_article[ac3008c2-0714-4274-8912-9dbad6210c7a] succeeded in 0.003540584002621472s: 'Article 1 processed successfully.'
FAILED
tests/text_to_audio/test_tasks.py::ProcessArticleTests::test_process_article_success_multiple_chunks 
-------------------------------- live log call ---------------------------------
INFO     text_to_audio.tasks:tasks.py:104 Starting processing for Article ID: 1
DEBUG    text_to_audio.tasks:tasks.py:23 _chunk_text called with text of len 5500 and max_length 4000
INFO     text_to_audio.tasks:tasks.py:121 Generated 2 chunks for Article ID: 1
DEBUG    text_to_audio.tasks:tasks.py:126 Processing chunk 1/2 for Article ID: 1
DEBUG    text_to_audio.tasks:tasks.py:137 Saved audio chunk to /app/test_media_tasks/articles/1/1/temp_article_1_chunk_0_7cbb8d66-2246-4ed6-87ab-3a5fab8c2a3b.mp3
DEBUG    text_to_audio.tasks:tasks.py:126 Processing chunk 2/2 for Article ID: 1
DEBUG    text_to_audio.tasks:tasks.py:137 Saved audio chunk to /app/test_media_tasks/articles/1/1/temp_article_1_chunk_1_d8124bac-fd65-4dfd-a79c-58793d4fa020.mp3
INFO     text_to_audio.tasks:tasks.py:165 Combined 2 audio chunks into /app/test_media_tasks/articles/1/1/article_1.mp3
INFO     text_to_audio.tasks:tasks.py:171 Successfully processed Article ID: 1. Audio at: articles/1/1/article_1.mp3
DEBUG    text_to_audio.tasks:tasks.py:203 Cleaned up temporary file: /app/test_media_tasks/articles/1/1/temp_article_1_chunk_0_7cbb8d66-2246-4ed6-87ab-3a5fab8c2a3b.mp3
DEBUG    text_to_audio.tasks:tasks.py:203 Cleaned up temporary file: /app/test_media_tasks/articles/1/1/temp_article_1_chunk_1_d8124bac-fd65-4dfd-a79c-58793d4fa020.mp3
FAILED
tests/text_to_audio/test_tasks.py::ProcessArticleTests::test_process_article_success_single_chunk 
-------------------------------- live log call ---------------------------------
INFO     text_to_audio.tasks:tasks.py:104 Starting processing for Article ID: 1
DEBUG    text_to_audio.tasks:tasks.py:23 _chunk_text called with text of len 68 and max_length 4000
INFO     text_to_audio.tasks:tasks.py:121 Generated 1 chunks for Article ID: 1
DEBUG    text_to_audio.tasks:tasks.py:126 Processing chunk 1/1 for Article ID: 1
DEBUG    text_to_audio.tasks:tasks.py:137 Saved audio chunk to /app/test_media_tasks/articles/1/1/temp_article_1_chunk_0_abc91841-b722-4cf1-ac81-ecde8ff32c8b.mp3
INFO     text_to_audio.tasks:tasks.py:152 Single audio chunk moved to /app/test_media_tasks/articles/1/1/article_1.mp3
INFO     text_to_audio.tasks:tasks.py:171 Successfully processed Article ID: 1. Audio at: articles/1/1/article_1.mp3
PASSED
tests/text_to_audio/test_tasks.py::ProcessArticleTests::test_temp_files_cleaned_up_on_failure 
-------------------------------- live log call ---------------------------------
INFO     text_to_audio.tasks:tasks.py:104 Starting processing for Article ID: 1
DEBUG    text_to_audio.tasks:tasks.py:23 _chunk_text called with text of len 17250 and max_length 4000
INFO     text_to_audio.tasks:tasks.py:121 Generated 5 chunks for Article ID: 1
DEBUG    text_to_audio.tasks:tasks.py:126 Processing chunk 1/5 for Article ID: 1
DEBUG    text_to_audio.tasks:tasks.py:137 Saved audio chunk to /app/test_media_tasks/articles/1/1/temp_article_1_chunk_0_f9c80066-af2d-4739-98dc-979b376ff686.mp3
DEBUG    text_to_audio.tasks:tasks.py:126 Processing chunk 2/5 for Article ID: 1
ERROR    text_to_audio.tasks:tasks.py:139 OpenAI API error on chunk 2 for article 1: TTS failed on second chunk
ERROR    text_to_audio.tasks:tasks.py:175 Error processing Article ID 1: TTS failed on second chunk
ERROR    text_to_audio.tasks:tasks.py:177 Traceback (most recent call last):
  File "/app/text_to_audio/tasks.py", line 130, in process_article
    response = client.audio.speech.create(
               ^^^^^^^^^^^^^^^^^^^^^^^^^^^
  File "/usr/local/lib/python3.12/unittest/mock.py", line 1139, in __call__
    return self._mock_call(*args, **kwargs)
           ^^^^^^^^^^^^^^^^^^^^^^^^^^^^^^^^
  File "/usr/local/lib/python3.12/unittest/mock.py", line 1143, in _mock_call
    return self._execute_mock_call(*args, **kwargs)
           ^^^^^^^^^^^^^^^^^^^^^^^^^^^^^^^^^^^^^^^^
  File "/usr/local/lib/python3.12/unittest/mock.py", line 1202, in _execute_mock_call
    raise result
openai.APIError: TTS failed on second chunk

INFO     text_to_audio.tasks:tasks.py:187 Retrying task for article 1 (1/3)...
DEBUG    text_to_audio.tasks:tasks.py:203 Cleaned up temporary file: /app/test_media_tasks/articles/1/1/temp_article_1_chunk_0_f9c80066-af2d-4739-98dc-979b376ff686.mp3
ERROR    celery.app.trace:trace.py:267 Task text_to_audio.tasks.process_article[8a873bb6-f439-4b1a-829d-828c3a183485] raised unexpected: Exception('Celery retry called')
Traceback (most recent call last):
  File "/app/text_to_audio/tasks.py", line 130, in process_article
    response = client.audio.speech.create(
               ^^^^^^^^^^^^^^^^^^^^^^^^^^^
  File "/usr/local/lib/python3.12/unittest/mock.py", line 1139, in __call__
    return self._mock_call(*args, **kwargs)
           ^^^^^^^^^^^^^^^^^^^^^^^^^^^^^^^^
  File "/usr/local/lib/python3.12/unittest/mock.py", line 1143, in _mock_call
    return self._execute_mock_call(*args, **kwargs)
           ^^^^^^^^^^^^^^^^^^^^^^^^^^^^^^^^^^^^^^^^
  File "/usr/local/lib/python3.12/unittest/mock.py", line 1202, in _execute_mock_call
    raise result
openai.APIError: TTS failed on second chunk

During handling of the above exception, another exception occurred:

Traceback (most recent call last):
  File "/usr/local/lib/python3.12/site-packages/celery/app/trace.py", line 453, in trace_task
    R = retval = fun(*args, **kwargs)
                 ^^^^^^^^^^^^^^^^^^^^
  File "/app/text_to_audio/tasks.py", line 188, in process_article
    raise self.retry(exc=e, countdown=int(self.default_retry_delay * (2 ** self.request.retries)))
          ^^^^^^^^^^^^^^^^^^^^^^^^^^^^^^^^^^^^^^^^^^^^^^^^^^^^^^^^^^^^^^^^^^^^^^^^^^^^^^^^^^^^^^^^
  File "/usr/local/lib/python3.12/unittest/mock.py", line 1139, in __call__
    return self._mock_call(*args, **kwargs)
           ^^^^^^^^^^^^^^^^^^^^^^^^^^^^^^^^
  File "/usr/local/lib/python3.12/unittest/mock.py", line 1143, in _mock_call
    return self._execute_mock_call(*args, **kwargs)
           ^^^^^^^^^^^^^^^^^^^^^^^^^^^^^^^^^^^^^^^^
  File "/usr/local/lib/python3.12/unittest/mock.py", line 1198, in _execute_mock_call
    raise effect
Exception: Celery retry called
PASSED
tests/text_to_audio/test_tasks.py::ProcessArticleTests::test_temp_files_cleaned_up_on_success 
-------------------------------- live log call ---------------------------------
INFO     text_to_audio.tasks:tasks.py:104 Starting processing for Article ID: 1
DEBUG    text_to_audio.tasks:tasks.py:23 _chunk_text called with text of len 68 and max_length 4000
INFO     text_to_audio.tasks:tasks.py:121 Generated 1 chunks for Article ID: 1
DEBUG    text_to_audio.tasks:tasks.py:126 Processing chunk 1/1 for Article ID: 1
DEBUG    text_to_audio.tasks:tasks.py:137 Saved audio chunk to /app/test_media_tasks/articles/1/1/temp_article_1_chunk_0_4e676aef-3d16-4b81-b90a-22e7be34ed66.mp3
INFO     text_to_audio.tasks:tasks.py:152 Single audio chunk moved to /app/test_media_tasks/articles/1/1/article_1.mp3
INFO     text_to_audio.tasks:tasks.py:171 Successfully processed Article ID: 1. Audio at: articles/1/1/article_1.mp3
FAILED
tests/test_dockerfile.py::TestDockerfile::test_dockerfile_exists PASSED
tests/test_dockerfile.py::TestDockerfile::test_expose_port PASSED
tests/test_dockerfile.py::TestDockerfile::test_install_celery PASSED
tests/test_dockerfile.py::TestDockerfile::test_install_redis PASSED
tests/test_dockerfile.py::TestDockerfile::test_python_version PASSED
tests/test_precommit_setup.py::TestPrecommitSetup::test_script_contains_commands PASSED
tests/test_precommit_setup.py::TestPrecommitSetup::test_script_executable PASSED
tests/test_precommit_setup.py::TestPrecommitSetup::test_script_exists PASSED
tests/test_project_structure.py::TestProjectStructure::test_devcontainer_updated PASSED
tests/test_project_structure.py::TestProjectStructure::test_docker_compose_exists PASSED
tests/test_project_structure.py::TestProjectStructure::test_docker_compose_has_no_redis_service PASSED
tests/test_project_structure.py::TestProjectStructure::test_docker_compose_prod_exists PASSED
tests/test_project_structure.py::TestProjectStructure::test_dockerfile_exists PASSED
tests/test_project_structure.py::TestProjectStructure::test_dockerignore_exists PASSED
tests/test_project_structure.py::TestProjectStructure::test_env_sample_exists PASSED
tests/test_project_structure.py::TestProjectStructure::test_manage_py_exists PASSED
tests/test_project_structure.py::TestProjectStructure::test_settings_exists PASSED
tests/test_settings_env.py::TestSettingsEnvironment::test_openai_key_loaded_from_env PASSED
tests/test_settings_env.py::TestSettingsEnvironment::test_sqlite_data_dir_from_env PASSED
tests/test_text_to_audio_app.py::TestTextToAudioApp::test_app_config PASSED
tests/test_text_to_audio_app.py::TestTextToAudioApp::test_app_exists PASSED
tests/test_text_to_audio_app.py::TestTextToAudioApp::test_app_has_apps_file PASSED
tests/test_text_to_audio_app.py::TestTextToAudioApp::test_app_has_init_file PASSED
tests/test_text_to_audio_app.py::TestTextToAudioApp::test_app_has_models_file PASSED
tests/test_text_to_audio_app.py::TestTextToAudioApp::test_app_installed PASSED

=================================== FAILURES ===================================
_____________ ChunkTextTests.test_string_needs_one_split_by_space ______________

self = <tests.text_to_audio.test_tasks.ChunkTextTests testMethod=test_string_needs_one_split_by_space>

    def test_string_needs_one_split_by_space(self):
        text = "This is a sentence that needs splitting." # Ensure this string is exactly 38 chars
        expected = ["This is a sentence", "that needs splitting."]
>       self.assertEqual(_chunk_text(text, max_length=20), expected)
E       AssertionError: Lists differ: ['This is a sentence', 'that needs', 'splitting.'] != ['This is a sentence', 'that needs splitting.']
E       
E       First differing element 1:
E       'that needs'
E       'that needs splitting.'
E       
E       First list contains 1 additional elements.
E       First extra element 2:
E       'splitting.'
E       
E       - ['This is a sentence', 'that needs', 'splitting.']
E       ?                                   ^^^^
E       
E       + ['This is a sentence', 'that needs splitting.']
E       ?                                   ^

tests/text_to_audio/test_tasks.py:41: AssertionError
------------------------------ Captured log call -------------------------------
DEBUG    text_to_audio.tasks:tasks.py:23 _chunk_text called with text of len 40 and max_length 20
_____________ ProcessArticleTests.test_process_article_pydub_error _____________

self = <tests.text_to_audio.test_tasks.ProcessArticleTests testMethod=test_process_article_pydub_error>
MockOpenAIClient = <MagicMock name='OpenAI' id='281473512166976'>

    def test_process_article_pydub_error(self, MockOpenAIClient):
        mock_openai_instance = MockOpenAIClient.return_value
        mock_speech_create = mock_openai_instance.audio.speech.create
        mock_tts_response = MagicMock()
        mock_tts_response.stream_to_file.side_effect = self.create_dummy_file_side_effect
        mock_speech_create.return_value = mock_tts_response # Successful TTS
    
        # Make pydub fail
        with patch("text_to_audio.tasks.AudioSegment.from_mp3", side_effect=Exception("Pydub test error")):
            # Patch 'self' for the bound task to mock Celery's retry mechanism
            # For this test, we first want to see if the Pydub error is caught and logged correctly.
            # The retry mechanism itself is tested in test_process_article_openai_api_error_with_retry.
            # So, let's make retry just pass for now or not raise, to isolate the Pydub error handling.
            self.mock_task_instance.retry = MagicMock() # No side effect, so it won't raise "Celery retry called"
    
            process_article.apply(args=[self.article.id], instance=self.mock_task_instance).get()
            # We don't expect an exception from get() if retry doesn't raise.
            # The task should complete (as FAILED) and return a string.
    
        self.article.refresh_from_db()
>       self.assertEqual(self.article.status, Article.FAILED)
E       AssertionError: 'COMPLETED' != 'FAILED'
E       - COMPLETED
E       + FAILED

tests/text_to_audio/test_tasks.py:252: AssertionError
------------------------------ Captured log call -------------------------------
INFO     text_to_audio.tasks:tasks.py:104 Starting processing for Article ID: 1
DEBUG    text_to_audio.tasks:tasks.py:23 _chunk_text called with text of len 68 and max_length 4000
INFO     text_to_audio.tasks:tasks.py:121 Generated 1 chunks for Article ID: 1
DEBUG    text_to_audio.tasks:tasks.py:126 Processing chunk 1/1 for Article ID: 1
DEBUG    text_to_audio.tasks:tasks.py:137 Saved audio chunk to /app/test_media_tasks/articles/1/1/temp_article_1_chunk_0_6bf87d92-109d-439a-b5f6-3a572c777b17.mp3
INFO     text_to_audio.tasks:tasks.py:152 Single audio chunk moved to /app/test_media_tasks/articles/1/1/article_1.mp3
INFO     text_to_audio.tasks:tasks.py:171 Successfully processed Article ID: 1. Audio at: articles/1/1/article_1.mp3
INFO     celery.app.trace:trace.py:128 Task text_to_audio.tasks.process_article[ac3008c2-0714-4274-8912-9dbad6210c7a] succeeded in 0.003540584002621472s: 'Article 1 processed successfully.'
_______ ProcessArticleTests.test_process_article_success_multiple_chunks _______

self = <tests.text_to_audio.test_tasks.ProcessArticleTests testMethod=test_process_article_success_multiple_chunks>
mock_audio_empty = <MagicMock name='empty' id='281473515043968'>
mock_audio_from_mp3 = <MagicMock name='from_mp3' id='281473515037200'>
MockOpenAIClient = <MagicMock name='OpenAI' id='281473515035328'>

    @patch("text_to_audio.tasks.AudioSegment.from_mp3")
    @patch("text_to_audio.tasks.AudioSegment.empty")
    def test_process_article_success_multiple_chunks(self, mock_audio_empty, mock_audio_from_mp3, MockOpenAIClient):
        self.article.text_content = "Chunk one. " * 250  # Approx 13*250 = 3250 chars, likely one chunk
        self.article.text_content += "Chunk two. " * 250 # Approx 3250 + 3250 = 6500 chars, should be two chunks
        self.article.save()
    
        mock_openai_instance = MockOpenAIClient.return_value
        mock_speech_create = mock_openai_instance.audio.speech.create
        mock_tts_response = MagicMock()
        mock_tts_response.stream_to_file.side_effect = self.create_dummy_file_side_effect # Add side effect here
        mock_speech_create.return_value = mock_tts_response
    
        mock_combined_audio = MagicMock()
        mock_combined_audio.export.side_effect = self.create_dummy_file_side_effect
        mock_audio_empty.return_value = mock_combined_audio
        mock_audio_segment = MagicMock()
        mock_audio_from_mp3.return_value = mock_audio_segment
    
        result = process_article(self.article.id)
    
        self.article.refresh_from_db()
        self.assertEqual(result, f"Article {self.article.id} processed successfully.")
        self.assertEqual(self.article.status, Article.COMPLETED)
        self.assertIsNotNone(self.article.audio_file_path)
>       self.assertTrue((TEST_MEDIA_ROOT / self.article.audio_file_path).exists())
E       AssertionError: False is not true

tests/text_to_audio/test_tasks.py:206: AssertionError
------------------------------ Captured log call -------------------------------
INFO     text_to_audio.tasks:tasks.py:104 Starting processing for Article ID: 1
DEBUG    text_to_audio.tasks:tasks.py:23 _chunk_text called with text of len 5500 and max_length 4000
INFO     text_to_audio.tasks:tasks.py:121 Generated 2 chunks for Article ID: 1
DEBUG    text_to_audio.tasks:tasks.py:126 Processing chunk 1/2 for Article ID: 1
DEBUG    text_to_audio.tasks:tasks.py:137 Saved audio chunk to /app/test_media_tasks/articles/1/1/temp_article_1_chunk_0_7cbb8d66-2246-4ed6-87ab-3a5fab8c2a3b.mp3
DEBUG    text_to_audio.tasks:tasks.py:126 Processing chunk 2/2 for Article ID: 1
DEBUG    text_to_audio.tasks:tasks.py:137 Saved audio chunk to /app/test_media_tasks/articles/1/1/temp_article_1_chunk_1_d8124bac-fd65-4dfd-a79c-58793d4fa020.mp3
INFO     text_to_audio.tasks:tasks.py:165 Combined 2 audio chunks into /app/test_media_tasks/articles/1/1/article_1.mp3
INFO     text_to_audio.tasks:tasks.py:171 Successfully processed Article ID: 1. Audio at: articles/1/1/article_1.mp3
DEBUG    text_to_audio.tasks:tasks.py:203 Cleaned up temporary file: /app/test_media_tasks/articles/1/1/temp_article_1_chunk_0_7cbb8d66-2246-4ed6-87ab-3a5fab8c2a3b.mp3
DEBUG    text_to_audio.tasks:tasks.py:203 Cleaned up temporary file: /app/test_media_tasks/articles/1/1/temp_article_1_chunk_1_d8124bac-fd65-4dfd-a79c-58793d4fa020.mp3
__________ ProcessArticleTests.test_temp_files_cleaned_up_on_success ___________

self = <tests.text_to_audio.test_tasks.ProcessArticleTests testMethod=test_temp_files_cleaned_up_on_success>
MockOpenAIClient = <MagicMock name='OpenAI' id='281473493907024'>

    def test_temp_files_cleaned_up_on_success(self, MockOpenAIClient):
        mock_openai_instance = MockOpenAIClient.return_value
        mock_speech_create = mock_openai_instance.audio.speech.create
        mock_tts_response = MagicMock()
        mock_tts_response.stream_to_file.side_effect = self.create_dummy_file_side_effect
        mock_speech_create.return_value = mock_tts_response
    
        with patch("text_to_audio.tasks.os.remove") as mock_os_remove:
            process_article(self.article.id)
            # Check if os.remove was called for the temp file(s)
            # The exact number of calls depends on chunking, but it should be >= 1 for successful processing
>           self.assertTrue(mock_os_remove.call_count >= 1)
E           AssertionError: False is not true

tests/text_to_audio/test_tasks.py:294: AssertionError
------------------------------ Captured log call -------------------------------
INFO     text_to_audio.tasks:tasks.py:104 Starting processing for Article ID: 1
DEBUG    text_to_audio.tasks:tasks.py:23 _chunk_text called with text of len 68 and max_length 4000
INFO     text_to_audio.tasks:tasks.py:121 Generated 1 chunks for Article ID: 1
DEBUG    text_to_audio.tasks:tasks.py:126 Processing chunk 1/1 for Article ID: 1
DEBUG    text_to_audio.tasks:tasks.py:137 Saved audio chunk to /app/test_media_tasks/articles/1/1/temp_article_1_chunk_0_4e676aef-3d16-4b81-b90a-22e7be34ed66.mp3
INFO     text_to_audio.tasks:tasks.py:152 Single audio chunk moved to /app/test_media_tasks/articles/1/1/article_1.mp3
INFO     text_to_audio.tasks:tasks.py:171 Successfully processed Article ID: 1. Audio at: articles/1/1/article_1.mp3
=============================== warnings summary ===============================
../usr/local/lib/python3.12/site-packages/pydub/utils.py:14
  /usr/local/lib/python3.12/site-packages/pydub/utils.py:14: DeprecationWarning: 'audioop' is deprecated and slated for removal in Python 3.13
    import audioop

tests/test_article_flow.py::TestArticleSubmissionFlow::test_submission_triggers_processing_task
  /usr/local/lib/python3.12/site-packages/django/db/models/fields/__init__.py:1148: RemovedInDjango60Warning: The default scheme will be changed from 'http' to 'https' in Django 6.0. Pass the forms.URLField.assume_scheme argument to silence this warning, or set the FORMS_URLFIELD_ASSUME_HTTPS transitional setting to True to opt into using 'https' as the new default scheme.
    return form_class(**defaults)

-- Docs: https://docs.pytest.org/en/stable/how-to/capture-warnings.html
=========================== short test summary info ============================
FAILED tests/text_to_audio/test_tasks.py::ChunkTextTests::test_string_needs_one_split_by_space
FAILED tests/text_to_audio/test_tasks.py::ProcessArticleTests::test_process_article_pydub_error
FAILED tests/text_to_audio/test_tasks.py::ProcessArticleTests::test_process_article_success_multiple_chunks
FAILED tests/text_to_audio/test_tasks.py::ProcessArticleTests::test_temp_files_cleaned_up_on_success
=================== 4 failed, 57 passed, 2 warnings in 6.38s ===================
